<?xml version="1.0" encoding="UTF-8"?>
<!-- Generated by org.testng.reporters.JUnitXMLReporter -->
<testsuite ignored="0" hostname="pc-hmora" failures="1" tests="8" name="Default test" time="137.061" errors="0" timestamp="2022-11-25T23:02:16 PST">
  <testcase classname="proyecto_junit.proyecto_junit.PizzaOrdenTest" name="desplegarIngredientesTest" time="0.011"/>
  <testcase classname="proyecto_junit.proyecto_junit.PizzaOrdenTest" name="desplegarResumenOrdenTest" time="0.001"/>
  <testcase classname="proyecto_junit.proyecto_junit.PizzaOrdenTest" name="guardarIngredientesTest" time="134.028"/>
  <testcase classname="proyecto_junit.proyecto_junit.PizzaOrdenTest" name="preguntarPizzaVegetarianaTest" time="2.983"/>
  <testcase classname="proyecto_junit.proyecto_junit.PizzaOrdenTest" name="setIngrediente1Test" time="0.001"/>
  <testcase classname="proyecto_junit.proyecto_junit.PizzaOrdenTest" name="setIngrediente2Test" time="0.001"/>
  <testcase classname="proyecto_junit.proyecto_junit.PizzaOrdenTest" name="setIngrediente3Test" time="0.001"/>
  <testcase classname="proyecto_junit.proyecto_junit.PizzaOrdenTest" name="setOpcionVegTest" time="0.001">
    <failure type="java.lang.RuntimeException" message="Test falló">
      <![CDATA[java.lang.RuntimeException: Test falló
at pizza/proyecto_junit.proyecto_junit.PizzaOrdenTest.setOpcionVegTest(PizzaOrdenTest.java:95)
at java.base/jdk.internal.reflect.DirectMethodHandleAccessor.invoke(DirectMethodHandleAccessor.java:104)
at java.base/java.lang.reflect.Method.invoke(Method.java:578)
at org.testng.internal.MethodInvocationHelper.invokeMethod(MethodInvocationHelper.java:133)
at org.testng.internal.TestInvoker.invokeMethod(TestInvoker.java:598)
at org.testng.internal.TestInvoker.invokeTestMethod(TestInvoker.java:173)
at org.testng.internal.MethodRunner.runInSequence(MethodRunner.java:46)
at org.testng.internal.TestInvoker$MethodInvocationAgent.invoke(TestInvoker.java:824)
at org.testng.internal.TestInvoker.invokeTestMethods(TestInvoker.java:146)
at org.testng.internal.TestMethodWorker.invokeTestMethods(TestMethodWorker.java:146)
at org.testng.internal.TestMethodWorker.run(TestMethodWorker.java:128)
at java.base/java.util.ArrayList.forEach(ArrayList.java:1511)
at org.testng.TestRunner.privateRun(TestRunner.java:794)
at org.testng.TestRunner.run(TestRunner.java:596)
at org.testng.SuiteRunner.runTest(SuiteRunner.java:377)
at org.testng.SuiteRunner.runSequentially(SuiteRunner.java:371)
at org.testng.SuiteRunner.privateRun(SuiteRunner.java:332)
at org.testng.SuiteRunner.run(SuiteRunner.java:276)
at org.testng.SuiteRunnerWorker.runSuite(SuiteRunnerWorker.java:53)
at org.testng.SuiteRunnerWorker.run(SuiteRunnerWorker.java:96)
at org.testng.TestNG.runSuitesSequentially(TestNG.java:1212)
at org.testng.TestNG.runSuitesLocally(TestNG.java:1134)
at org.testng.TestNG.runSuites(TestNG.java:1063)
at org.testng.TestNG.run(TestNG.java:1031)
at org.testng.remote.AbstractRemoteTestNG.run(AbstractRemoteTestNG.java:115)
at org.testng.remote.RemoteTestNG.initAndRun(RemoteTestNG.java:251)
at org.testng.remote.RemoteTestNG.main(RemoteTestNG.java:77)
]]>
    </failure>
  </testcase> <!-- setOpcionVegTest -->
</testsuite> <!-- Default test -->
